<?xml version="1.0" encoding="UTF-8"?>
<!-- Generated by org.testng.reporters.JUnitReportReporter -->
<testsuite hostname="Pauls-MacBook-Pro.local" failures="0" tests="1" name="com.crm.qa.testcases.HomePageTest" time="18.820" errors="0" timestamp="2024-04-24T11:30:42 IST" skipped="0">
  <testcase classname="com.crm.qa.testcases.HomePageTest" name="companyNameDisplayTest" time="18.820"/>
  <system-out/>
</testsuite> <!-- com.crm.qa.testcases.HomePageTest -->
