<?xml version="1.0" encoding="UTF-8"?>
<!-- Generated by org.testng.reporters.JUnitReportReporter -->
<testsuite hostname="Pauls-MacBook-Pro.local" failures="0" tests="1" name="com.crm.qa.testcases.HomePageTest" time="12.577" errors="0" timestamp="2024-04-23T10:21:05 IST" skipped="0">
  <testcase classname="com.crm.qa.testcases.HomePageTest" name="companyNameDisplayTest" time="12.577"/>
  <system-out/>
</testsuite> <!-- com.crm.qa.testcases.HomePageTest -->
